C51 COMPILER V9.01   MAIN                                                                  05/29/2019 09:33:48 PAGE 1   


C51 COMPILER V9.01, COMPILATION OF MODULE MAIN
OBJECT MODULE PLACED IN main.OBJ
COMPILER INVOKED BY: C:\Keil_v4\C51\BIN\C51.EXE main.c BROWSE DEBUG OBJECTEXTEND

line level    source

   1          #include <REGX52.H>
   2          // khai bao chan ket noi led 7 doan
   3          #define LED7SEG                   P0
   4          #define L7S1                      P2_4
   5          #define L7S2                      P2_5
   6          #define L7S3                      P2_6
   7          #define L7S4                      P2_7
   8          //Khai bao chan giao tiep ADC0808
   9          #define ADC0808_kq        P3
  10          #define ADC0808_A0        P1_0
  11          #define ADC0808_A1        P1_1
  12          #define ADC0808_A2        P1_2
  13          #define ADC0808_ALE       P1_3
  14          #define ADC0808_START     P2_3
  15          #define ADC0808_EOC       P2_2
  16          #define ADC0808_OE        P2_1
  17          #define ADC0808_CLK       P2_0
  18          // khai bao ma led 7 doan
  19          unsigned char So[] = {0xC0,0xF9,0xA4,0xB0,0x99,0x92,0x82,0xF8,0x80,0x90}; // mã led 7 doan
  20          unsigned char tach[] = {0x01,0x02,0x04,0x08,0x10,0x20,0x40,0x80};
  21          void  Fn_Delay (unsigned int _vrui_Time){
  22   1               while(_vrui_Time --);
  23   1      }
  24          bit x = 0;
  25          /*Read kq from ADC0808*/
  26          unsigned char ADC0808_Read(unsigned char channel){
  27   1              unsigned char kq;
  28   1              unsigned char t1,t2,t3,t4,t5,t6,t7,t8,dat;
  29   1              ADC0808_A0 = channel & 0x01;
  30   1              ADC0808_A1 = channel & 0x02;
  31   1              ADC0808_A2 = channel & 0x04;
  32   1              ADC0808_ALE = 1;
  33   1              ADC0808_START = 1;
  34   1              ADC0808_ALE = 0;
  35   1              ADC0808_START = 0;
  36   1              while(ADC0808_EOC);
  37   1              while(!ADC0808_EOC);
  38   1              ADC0808_OE = 1;
  39   1              kq = ADC0808_kq;
  40   1      
  41   1              t1 = kq & tach[0];
  42   1              t1 = t1<<7;
  43   1      
  44   1              t2 = kq & tach[1];
  45   1              t2 = t2<<5;
  46   1      
  47   1              t3 = kq & tach[2];
  48   1              t3 = t3<<3;
  49   1      
  50   1              t4 = kq & tach[3];
  51   1              t4 = t4<<1;
  52   1      
  53   1              t5 = kq & tach[4];
  54   1              t5 = t5>>1;
  55   1      
C51 COMPILER V9.01   MAIN                                                                  05/29/2019 09:33:48 PAGE 2   

  56   1              t6 = kq & tach[5];
  57   1              t6 = t6>>3;
  58   1      
  59   1              t7 = kq & tach[6];
  60   1              t7 = t7>>5;
  61   1      
  62   1              t8 = kq & tach[7];
  63   1              t8 = t8>>7;
  64   1              dat = t1|t2|t3|t4|t5|t6|t7|t8;
  65   1              ADC0808_OE = 0;
  66   1              return dat;
  67   1      }
  68          //ctr phuc vu ngat tao xung clock cho ADC0808
  69          void INT_Timer0()interrupt 1{
  70   1           ADC0808_CLK=~ADC0808_CLK; //Dao bit
  71   1      }
  72          int main(){
  73   1              unsigned char Data,j;
  74   1              TMOD=0x02; //Timer0 8bit tu nap lai
  75   1              TH0=TL0=236;//Tao ngat 20us
  76   1              TR0=1;//Khoi dong timer0
  77   1          ET0=1;//Ngat timer0
  78   1          EA=1;//Cho phep ngat cuc bo
  79   1              L7S1 = 1;        // tat tat ca cac led
  80   1              L7S2 = 1;
  81   1              L7S3 = 1;
  82   1              L7S4 = 1;
  83   1          while(1){           
  84   2                      Data = ADC0808_Read(0);// doc gia tri nhiet do
  85   2      
  86   2                      for (j = 0; j < 200; j++){
  87   3                              P0 = So[(Data*2)/10];
  88   3                              L7S1 = 0; Fn_Delay(100); L7S1 = 1;
  89   3                              P0 = So[(Data*2)%10];
  90   3                              L7S2 = 0; Fn_Delay(100); L7S2 = 1;
  91   3                              P0 = 0x9C;
  92   3                              L7S3 = 0; Fn_Delay(100); L7S3 = 1;
  93   3                              P0 = 0xC6;
  94   3                              L7S4 = 0; Fn_Delay(100); L7S4 = 1;
  95   3                      }// hien thi gia tri len led 7 doan 4 so
  96   2      
  97   2                      Fn_Delay(500);
  98   2              }
  99   1          return 0;
 100   1      }


MODULE INFORMATION:   STATIC OVERLAYABLE
   CODE SIZE        =    258    ----
   CONSTANT SIZE    =   ----    ----
   XDATA SIZE       =   ----    ----
   PDATA SIZE       =   ----    ----
   DATA SIZE        =     18       2
   IDATA SIZE       =   ----    ----
   BIT SIZE         =      1    ----
END OF MODULE INFORMATION.


C51 COMPILATION COMPLETE.  0 WARNING(S),  0 ERROR(S)
