Removed Pin From Net: NetName=DT_E Pin=DS1-10
Removed Pin From Net: NetName=CTR_0 Pin=IC1-1
Removed Pin From Net: NetName=CTR_1 Pin=IC1-2
Removed Pin From Net: NetName=CTR_2 Pin=IC1-3
Removed Pin From Net: NetName=CTR_3 Pin=IC1-4
Removed Pin From Net: NetName=DT_G Pin=IC1-33
Removed Pin From Net: NetName=DT_E Pin=IC1-34
Removed Pin From Net: NetName=DT_E Pin=IC1-35
Removed Pin From Net: NetName=DT_D Pin=IC1-36
Removed Pin From Net: NetName=DT_C Pin=IC1-37
Removed Pin From Net: NetName=DT_B Pin=IC1-38
Removed Pin From Net: NetName=DT_A Pin=IC1-39
Removed Pin From Net: NetName=DT_A Pin=RPB1-2
Removed Pin From Net: NetName=DT_B Pin=RPB1-3
Removed Pin From Net: NetName=DT_C Pin=RPB1-4
Removed Pin From Net: NetName=DT_D Pin=RPB1-5
Removed Pin From Net: NetName=DT_E Pin=RPB1-6
Removed Pin From Net: NetName=DT_E Pin=RPB1-7
Removed Pin From Net: NetName=DT_G Pin=RPB1-8
Added Pin To Net: NetName=DT_A Pin=IC1-21
Added Pin To Net: NetName=DT_B Pin=IC1-22
Added Pin To Net: NetName=DT_C Pin=IC1-23
Added Pin To Net: NetName=DT_D Pin=IC1-24
Added Pin To Net: NetName=DT_E Pin=IC1-25
Added Pin To Net: NetName=DT_G Pin=IC1-27
Added Pin To Net: NetName=CTR_3 Pin=IC1-36
Added Pin To Net: NetName=CTR_2 Pin=IC1-37
Added Pin To Net: NetName=CTR_1 Pin=IC1-38
Added Pin To Net: NetName=CTR_0 Pin=IC1-39
Added Pin To Net: NetName=CTR_0 Pin=RPB1-2
Added Pin To Net: NetName=CTR_1 Pin=RPB1-3
Added Pin To Net: NetName=CTR_2 Pin=RPB1-4
Added Pin To Net: NetName=CTR_3 Pin=RPB1-5
Change Net Name : Old Net Name=NetCx1_2 New Net Name=XTAL1
Change Net Name : Old Net Name=NetCx2_2 New Net Name=XTAL2
Added Pin To Net: NetName=CTR_4 Pin=IC1-35
Added Pin To Net: NetName=CTR_4 Pin=RPB1-6
Added Net: Name=CTR_4
Added Pin To Net: NetName=CTR_5 Pin=IC1-34
Added Pin To Net: NetName=CTR_5 Pin=RPB1-7
Added Net: Name=CTR_5
Added Pin To Net: NetName=CTR_6 Pin=IC1-33
Added Pin To Net: NetName=CTR_6 Pin=RPB1-8
Added Net: Name=CTR_6
Added Pin To Net: NetName=DT_F Pin=DS1-10
Added Pin To Net: NetName=DT_F Pin=IC1-26
Added Net: Name=DT_F
Added Room: Name=Sheet1
