Removed Pin From Net: NetName=GND Pin=C?-2
Removed Pin From Net: NetName=VCC Pin=C?-2
Removed Pin From Net: NetName=GND Pin=JDC?-2
Removed Pin From Net: NetName=GND Pin=JDC?-3
Added Pin To Net: NetName=VCC Pin=C?-1
Added Pin To Net: NetName=NetC?_1 Pin=C?-2
Added Pin To Net: NetName=RST Pin=C?-2
Added Pin To Net: NetName=VCC Pin=C?-2
Added Pin To Net: NetName=VCC Pin=U?-1
Added Pin To Net: NetName=GND Pin=U?-3
Added Pin To Net: NetName=VCC Pin=U?-12
Added Pin To Net: NetName=GND Pin=U?-16
Added Pin To Net: NetName=ALE Pin=IC?-24
Added Pin To Net: NetName=ALE Pin=U?-22
Added Net: Name=ALE
Added Pin To Net: NetName=A Pin=IC?-21
Added Pin To Net: NetName=A Pin=U?-25
Added Net: Name=A
Added Pin To Net: NetName=B Pin=IC?-22
Added Pin To Net: NetName=B Pin=U?-24
Added Net: Name=B
Added Pin To Net: NetName=cLK Pin=IC?-28
Added Pin To Net: NetName=cLK Pin=U?-10
Added Net: Name=cLK
Added Pin To Net: NetName=c Pin=IC?-23
Added Pin To Net: NetName=c Pin=U?-23
Added Net: Name=c
Added Pin To Net: NetName=EOC Pin=IC?-26
Added Pin To Net: NetName=EOC Pin=U?-7
Added Net: Name=EOC
Added Pin To Net: NetName=NetIC?_10 Pin=IC?-10
Added Pin To Net: NetName=NetIC?_10 Pin=U?-21
Added Net: Name=NetIC?_10
Added Pin To Net: NetName=NetIC?_11 Pin=IC?-11
Added Pin To Net: NetName=NetIC?_11 Pin=U?-20
Added Net: Name=NetIC?_11
Added Pin To Net: NetName=NetIC?_12 Pin=IC?-12
Added Pin To Net: NetName=NetIC?_12 Pin=U?-19
Added Net: Name=NetIC?_12
Added Pin To Net: NetName=NetIC?_13 Pin=IC?-13
Added Pin To Net: NetName=NetIC?_13 Pin=U?-18
Added Net: Name=NetIC?_13
Added Pin To Net: NetName=NetIC?_14 Pin=IC?-14
Added Pin To Net: NetName=NetIC?_14 Pin=U?-8
Added Net: Name=NetIC?_14
Added Pin To Net: NetName=NetIC?_15 Pin=IC?-15
Added Pin To Net: NetName=NetIC?_15 Pin=U?-15
Added Net: Name=NetIC?_15
Added Pin To Net: NetName=NetIC?_16 Pin=IC?-16
Added Pin To Net: NetName=NetIC?_16 Pin=U?-14
Added Net: Name=NetIC?_16
Added Pin To Net: NetName=NetIC?_17 Pin=IC?-17
Added Pin To Net: NetName=NetIC?_17 Pin=U?-17
Added Net: Name=NetIC?_17
Added Pin To Net: NetName=NetU?_2 Pin=U?-2
Added Pin To Net: NetName=NetU?_2 Pin=U?-26
Added Net: Name=NetU?_2
Added Pin To Net: NetName=OE Pin=IC?-27
Added Pin To Net: NetName=OE Pin=U?-9
Added Net: Name=OE
Added Pin To Net: NetName=START Pin=IC?-25
Added Pin To Net: NetName=START Pin=U?-6
Added Net: Name=START
Added Member To Class: ClassName=Sheet1 Member=Component C? 1000uF/16V
Added Member To Class: ClassName=Sheet1 Member=Component C? Cap Pol 3mm
Added Member To Class: ClassName=Sheet1 Member=Component C? 1000uF/16V
Added Member To Class: ClassName=Sheet1 Member=Component C? 104
Added Member To Class: ClassName=Sheet1 Member=Component Cx? 33pF
Added Member To Class: ClassName=Sheet1 Member=Component IC? AT89S52
Added Member To Class: ClassName=Sheet1 Member=Component Q? 2SA1015
Added Member To Class: ClassName=Sheet1 Member=Component Q? 2SA1015
Added Member To Class: ClassName=Sheet1 Member=Component Q? 2SA1015
Added Member To Class: ClassName=Sheet1 Member=Component R? Res
Added Member To Class: ClassName=Sheet1 Member=Component R? Res1
Added Member To Class: ClassName=Sheet1 Member=Component R? Res
Added Member To Class: ClassName=Sheet1 Member=Component R? Res
Added Member To Class: ClassName=Sheet1 Member=Component R? Res
Added Member To Class: ClassName=Sheet1 Member=Component R? Res
Added Member To Class: ClassName=Sheet1 Member=Component R? Res
Added Member To Class: ClassName=Sheet1 Member=Component R? Res
Added Member To Class: ClassName=Sheet1 Member=Component R? Res
Added Member To Class: ClassName=Sheet1 Member=Component U? ADC0809CCN
Added Room: Name=Sheet1
